<?xml version="1.0" encoding="UTF-8"?>
<TestRun id="64a28602-090d-4922-b917-22310f811dcb" name="nk185128@WINNK185128-8AE 2019-01-22 19:31:45" runUser="CORP\nk185128" xmlns="http://microsoft.com/schemas/VisualStudio/TeamTest/2010">
  <TestSettings name="Default Test Settings" id="8101759d-e4f0-4859-9a39-28449c129029">
    <Deployment userDeploymentRoot="C:\WorkSpace\C-Sharp\BDD\SpecFlow\Results\20190122_193144" useDefaultDeploymentRoot="false" runDeploymentRoot="nk185128_WINNK185128-8AE 2019-01-22 19_31_45" />
    <Execution>
      <TestTypeSpecific />
      <AgentRule name="Execution Agents">
      </AgentRule>
    </Execution>
    <Properties />
  </TestSettings>
  <Times creation="2019-01-22T19:31:45.7192367+05:30" queuing="2019-01-22T19:31:46.1313324+05:30" start="2019-01-22T19:31:46.2235587+05:30" finish="2019-01-22T19:31:46.6196109+05:30" />
  <ResultSummary outcome="Completed">
    <Counters total="3" executed="3" passed="3" error="0" failed="0" timeout="0" aborted="0" inconclusive="0" passedButRunAborted="0" notRunnable="0" notExecuted="0" disconnected="0" warning="0" completed="0" inProgress="0" pending="0" />
  </ResultSummary>
  <TestDefinitions>
    <UnitTest name="Reply" storage="c:\workspace\c-sharp\bdd\specflow\bin\debug\specflow.dll" id="fcf79dd0-a953-164a-d99b-9d643d71fe57">
      <Execution id="d389d095-656c-47e3-a555-1b15775362d0" />
      <TestMethod codeBase="C:/WorkSpace/C-Sharp/BDD/SpecFlow/bin/Debug/SpecFlow.DLL" adapterTypeName="Microsoft.VisualStudio.TestTools.TestTypes.Unit.UnitTestAdapter, Microsoft.VisualStudio.QualityTools.Tips.UnitTest.Adapter, Version=14.0.0.0, Culture=neutral, PublicKeyToken=b03f5f7f11d50a3a" className="SpecFlow.UnitTest1, SpecFlow, Version=1.0.0.0, Culture=neutral, PublicKeyToken=null" name="Reply" />
    </UnitTest>
    <UnitTest name="Compose" storage="c:\workspace\c-sharp\bdd\specflow\bin\debug\specflow.dll" id="dc794b19-b105-f532-670c-7dec090fe3fa">
      <Execution id="edce0c84-98e4-431b-a873-8575a06f6927" />
      <TestMethod codeBase="C:/WorkSpace/C-Sharp/BDD/SpecFlow/bin/Debug/SpecFlow.DLL" adapterTypeName="Microsoft.VisualStudio.TestTools.TestTypes.Unit.UnitTestAdapter, Microsoft.VisualStudio.QualityTools.Tips.UnitTest.Adapter, Version=14.0.0.0, Culture=neutral, PublicKeyToken=b03f5f7f11d50a3a" className="SpecFlow.UnitTest1, SpecFlow, Version=1.0.0.0, Culture=neutral, PublicKeyToken=null" name="Compose" />
    </UnitTest>
    <UnitTest name="Forward" storage="c:\workspace\c-sharp\bdd\specflow\bin\debug\specflow.dll" id="bc125728-aa8a-46c2-9f1b-129faab2f390">
      <Execution id="f2ceb646-80ad-426a-8898-091b9d53d8f2" />
      <TestMethod codeBase="C:/WorkSpace/C-Sharp/BDD/SpecFlow/bin/Debug/SpecFlow.DLL" adapterTypeName="Microsoft.VisualStudio.TestTools.TestTypes.Unit.UnitTestAdapter, Microsoft.VisualStudio.QualityTools.Tips.UnitTest.Adapter, Version=14.0.0.0, Culture=neutral, PublicKeyToken=b03f5f7f11d50a3a" className="SpecFlow.UnitTest1, SpecFlow, Version=1.0.0.0, Culture=neutral, PublicKeyToken=null" name="Forward" />
    </UnitTest>
  </TestDefinitions>
  <TestLists>
    <TestList name="Results Not in a List" id="8c84fa94-04c1-424b-9868-57a2d4851a1d" />
    <TestList name="All Loaded Results" id="19431567-8539-422a-85d7-44ee4e166bda" />
  </TestLists>
  <TestEntries>
    <TestEntry testId="dc794b19-b105-f532-670c-7dec090fe3fa" executionId="edce0c84-98e4-431b-a873-8575a06f6927" testListId="8c84fa94-04c1-424b-9868-57a2d4851a1d" />
    <TestEntry testId="bc125728-aa8a-46c2-9f1b-129faab2f390" executionId="f2ceb646-80ad-426a-8898-091b9d53d8f2" testListId="8c84fa94-04c1-424b-9868-57a2d4851a1d" />
    <TestEntry testId="fcf79dd0-a953-164a-d99b-9d643d71fe57" executionId="d389d095-656c-47e3-a555-1b15775362d0" testListId="8c84fa94-04c1-424b-9868-57a2d4851a1d" />
  </TestEntries>
  <Results>
    <UnitTestResult executionId="edce0c84-98e4-431b-a873-8575a06f6927" testId="dc794b19-b105-f532-670c-7dec090fe3fa" testName="Compose" computerName="WINNK185128-8AE" duration="00:00:00.0112266" startTime="2019-01-22T19:31:46.2506566+05:30" endTime="2019-01-22T19:31:46.5744901+05:30" testType="13cdc9d9-ddb5-4fa4-a97d-d965ccfc6d4b" outcome="Passed" testListId="8c84fa94-04c1-424b-9868-57a2d4851a1d" relativeResultsDirectory="edce0c84-98e4-431b-a873-8575a06f6927">
      <Output>
        <DebugTrace>Launch Application 
LoginTOApplication 
Compose Mail 
LogoutFromApplication  
CloseApplication 
</DebugTrace>
      </Output>
    </UnitTestResult>
    <UnitTestResult executionId="f2ceb646-80ad-426a-8898-091b9d53d8f2" testId="bc125728-aa8a-46c2-9f1b-129faab2f390" testName="Forward" computerName="WINNK185128-8AE" duration="00:00:00.0003639" startTime="2019-01-22T19:31:46.5764958+05:30" endTime="2019-01-22T19:31:46.5785012+05:30" testType="13cdc9d9-ddb5-4fa4-a97d-d965ccfc6d4b" outcome="Passed" testListId="8c84fa94-04c1-424b-9868-57a2d4851a1d" relativeResultsDirectory="f2ceb646-80ad-426a-8898-091b9d53d8f2">
      <Output>
        <DebugTrace>Launch Application 
LoginTOApplication 
Forward Mail 
LogoutFromApplication  
CloseApplication 
</DebugTrace>
      </Output>
    </UnitTestResult>
    <UnitTestResult executionId="d389d095-656c-47e3-a555-1b15775362d0" testId="fcf79dd0-a953-164a-d99b-9d643d71fe57" testName="Reply" computerName="WINNK185128-8AE" duration="00:00:00.0003385" startTime="2019-01-22T19:31:46.5795044+05:30" endTime="2019-01-22T19:31:46.5815094+05:30" testType="13cdc9d9-ddb5-4fa4-a97d-d965ccfc6d4b" outcome="Passed" testListId="8c84fa94-04c1-424b-9868-57a2d4851a1d" relativeResultsDirectory="d389d095-656c-47e3-a555-1b15775362d0">
      <Output>
        <DebugTrace>Launch Application 
LoginTOApplication 
Reply Mail 
LogoutFromApplication  
CloseApplication 
</DebugTrace>
      </Output>
    </UnitTestResult>
  </Results>
</TestRun>