<?xml version="1.0" encoding="UTF-8"?>
<TestRun id="065e75eb-e5ea-4379-9612-91b6543f7de3" name="SYSTEM@WINNK185128-8AE 2019-01-30 15:24:52" runUser="NT AUTHORITY\SYSTEM" xmlns="http://microsoft.com/schemas/VisualStudio/TeamTest/2010">
  <TestSettings name="Default Test Settings" id="48735340-7cfd-4719-8603-d813961dfeed">
    <Deployment userDeploymentRoot="C:\WorkSpace\C-Sharp\BDD\SpecFlow\Results\20190130_152452" useDefaultDeploymentRoot="false" runDeploymentRoot="SYSTEM_WINNK185128-8AE 2019-01-30 15_24_52" />
    <Execution>
      <TestTypeSpecific />
      <AgentRule name="Execution Agents">
      </AgentRule>
    </Execution>
    <Properties />
  </TestSettings>
  <Times creation="2019-01-30T15:24:52.9339277+05:30" queuing="2019-01-30T15:24:53.3580581+05:30" start="2019-01-30T15:24:53.4613324+05:30" finish="2019-01-30T15:24:53.8674150+05:30" />
  <ResultSummary outcome="Completed">
    <Counters total="1" executed="1" passed="1" error="0" failed="0" timeout="0" aborted="0" inconclusive="0" passedButRunAborted="0" notRunnable="0" notExecuted="0" disconnected="0" warning="0" completed="0" inProgress="0" pending="0" />
  </ResultSummary>
  <TestDefinitions>
    <UnitTest name="Compose" storage="c:\program files (x86)\jenkins\workspace\test\specflow\bin\debug\specflow.dll" id="dc794b19-b105-f532-670c-7dec090fe3fa">
      <Execution id="69dc9739-c624-445a-aae3-19457b9fa2f2" />
      <TestMethod codeBase="C:/Program Files (x86)/Jenkins/workspace/Test/SpecFlow/bin/Debug/SpecFlow.DLL" adapterTypeName="Microsoft.VisualStudio.TestTools.TestTypes.Unit.UnitTestAdapter, Microsoft.VisualStudio.QualityTools.Tips.UnitTest.Adapter, Version=14.0.0.0, Culture=neutral, PublicKeyToken=b03f5f7f11d50a3a" className="SpecFlow.UnitTest1, SpecFlow, Version=1.0.0.0, Culture=neutral, PublicKeyToken=null" name="Compose" />
    </UnitTest>
  </TestDefinitions>
  <TestLists>
    <TestList name="Results Not in a List" id="8c84fa94-04c1-424b-9868-57a2d4851a1d" />
    <TestList name="All Loaded Results" id="19431567-8539-422a-85d7-44ee4e166bda" />
  </TestLists>
  <TestEntries>
    <TestEntry testId="dc794b19-b105-f532-670c-7dec090fe3fa" executionId="69dc9739-c624-445a-aae3-19457b9fa2f2" testListId="8c84fa94-04c1-424b-9868-57a2d4851a1d" />
  </TestEntries>
  <Results>
    <UnitTestResult executionId="69dc9739-c624-445a-aae3-19457b9fa2f2" testId="dc794b19-b105-f532-670c-7dec090fe3fa" testName="Compose" computerName="WINNK185128-8AE" duration="00:00:00.0107604" startTime="2019-01-30T15:24:53.4894072+05:30" endTime="2019-01-30T15:24:53.8152743+05:30" testType="13cdc9d9-ddb5-4fa4-a97d-d965ccfc6d4b" outcome="Passed" testListId="8c84fa94-04c1-424b-9868-57a2d4851a1d" relativeResultsDirectory="69dc9739-c624-445a-aae3-19457b9fa2f2">
      <Output>
        <DebugTrace>Compose Mail 
</DebugTrace>
      </Output>
    </UnitTestResult>
  </Results>
</TestRun>