<?xml version="1.0" encoding="UTF-8"?>
<TestRun id="d4fa37cb-36a6-48e2-bad4-9c44cc9f5fd5" name="nk185128@WINNK185128-8AE 2019-01-22 19:27:52" runUser="CORP\nk185128" xmlns="http://microsoft.com/schemas/VisualStudio/TeamTest/2010">
  <TestSettings name="Default Test Settings" id="4d6d7140-e881-4463-8973-6cc246f87bb0">
    <Deployment userDeploymentRoot="C:\WorkSpace\C-Sharp\BDD\SpecFlow\Results\01-22-2019_20190122\20192751" useDefaultDeploymentRoot="false" runDeploymentRoot="nk185128_WINNK185128-8AE 2019-01-22 19_27_52" />
    <Execution>
      <TestTypeSpecific />
      <AgentRule name="Execution Agents">
      </AgentRule>
    </Execution>
    <Properties />
  </TestSettings>
  <Times creation="2019-01-22T19:27:52.2020869+05:30" queuing="2019-01-22T19:27:52.6151647+05:30" start="2019-01-22T19:27:52.7094123+05:30" finish="2019-01-22T19:27:53.1095135+05:30" />
  <ResultSummary outcome="Completed">
    <Counters total="3" executed="3" passed="3" error="0" failed="0" timeout="0" aborted="0" inconclusive="0" passedButRunAborted="0" notRunnable="0" notExecuted="0" disconnected="0" warning="0" completed="0" inProgress="0" pending="0" />
  </ResultSummary>
  <TestDefinitions>
    <UnitTest name="Reply" storage="c:\workspace\c-sharp\bdd\specflow\bin\debug\specflow.dll" id="fcf79dd0-a953-164a-d99b-9d643d71fe57">
      <Execution id="d271e1c7-d306-4d7b-849e-13772eae798d" />
      <TestMethod codeBase="C:/WorkSpace/C-Sharp/BDD/SpecFlow/bin/Debug/SpecFlow.DLL" adapterTypeName="Microsoft.VisualStudio.TestTools.TestTypes.Unit.UnitTestAdapter, Microsoft.VisualStudio.QualityTools.Tips.UnitTest.Adapter, Version=14.0.0.0, Culture=neutral, PublicKeyToken=b03f5f7f11d50a3a" className="SpecFlow.UnitTest1, SpecFlow, Version=1.0.0.0, Culture=neutral, PublicKeyToken=null" name="Reply" />
    </UnitTest>
    <UnitTest name="Compose" storage="c:\workspace\c-sharp\bdd\specflow\bin\debug\specflow.dll" id="dc794b19-b105-f532-670c-7dec090fe3fa">
      <Execution id="2756ebf1-2736-4aea-9e59-1a92f5c48895" />
      <TestMethod codeBase="C:/WorkSpace/C-Sharp/BDD/SpecFlow/bin/Debug/SpecFlow.DLL" adapterTypeName="Microsoft.VisualStudio.TestTools.TestTypes.Unit.UnitTestAdapter, Microsoft.VisualStudio.QualityTools.Tips.UnitTest.Adapter, Version=14.0.0.0, Culture=neutral, PublicKeyToken=b03f5f7f11d50a3a" className="SpecFlow.UnitTest1, SpecFlow, Version=1.0.0.0, Culture=neutral, PublicKeyToken=null" name="Compose" />
    </UnitTest>
    <UnitTest name="Forward" storage="c:\workspace\c-sharp\bdd\specflow\bin\debug\specflow.dll" id="bc125728-aa8a-46c2-9f1b-129faab2f390">
      <Execution id="099b8f9b-4baf-4a3a-954d-cd38133b3d67" />
      <TestMethod codeBase="C:/WorkSpace/C-Sharp/BDD/SpecFlow/bin/Debug/SpecFlow.DLL" adapterTypeName="Microsoft.VisualStudio.TestTools.TestTypes.Unit.UnitTestAdapter, Microsoft.VisualStudio.QualityTools.Tips.UnitTest.Adapter, Version=14.0.0.0, Culture=neutral, PublicKeyToken=b03f5f7f11d50a3a" className="SpecFlow.UnitTest1, SpecFlow, Version=1.0.0.0, Culture=neutral, PublicKeyToken=null" name="Forward" />
    </UnitTest>
  </TestDefinitions>
  <TestLists>
    <TestList name="Results Not in a List" id="8c84fa94-04c1-424b-9868-57a2d4851a1d" />
    <TestList name="All Loaded Results" id="19431567-8539-422a-85d7-44ee4e166bda" />
  </TestLists>
  <TestEntries>
    <TestEntry testId="dc794b19-b105-f532-670c-7dec090fe3fa" executionId="2756ebf1-2736-4aea-9e59-1a92f5c48895" testListId="8c84fa94-04c1-424b-9868-57a2d4851a1d" />
    <TestEntry testId="bc125728-aa8a-46c2-9f1b-129faab2f390" executionId="099b8f9b-4baf-4a3a-954d-cd38133b3d67" testListId="8c84fa94-04c1-424b-9868-57a2d4851a1d" />
    <TestEntry testId="fcf79dd0-a953-164a-d99b-9d643d71fe57" executionId="d271e1c7-d306-4d7b-849e-13772eae798d" testListId="8c84fa94-04c1-424b-9868-57a2d4851a1d" />
  </TestEntries>
  <Results>
    <UnitTestResult executionId="2756ebf1-2736-4aea-9e59-1a92f5c48895" testId="dc794b19-b105-f532-670c-7dec090fe3fa" testName="Compose" computerName="WINNK185128-8AE" duration="00:00:00.0103263" startTime="2019-01-22T19:27:52.7354837+05:30" endTime="2019-01-22T19:27:53.0613543+05:30" testType="13cdc9d9-ddb5-4fa4-a97d-d965ccfc6d4b" outcome="Passed" testListId="8c84fa94-04c1-424b-9868-57a2d4851a1d" relativeResultsDirectory="2756ebf1-2736-4aea-9e59-1a92f5c48895">
      <Output>
        <DebugTrace>Launch Application 
LoginTOApplication 
Compose Mail 
LogoutFromApplication  
CloseApplication 
</DebugTrace>
      </Output>
    </UnitTestResult>
    <UnitTestResult executionId="099b8f9b-4baf-4a3a-954d-cd38133b3d67" testId="bc125728-aa8a-46c2-9f1b-129faab2f390" testName="Forward" computerName="WINNK185128-8AE" duration="00:00:00.0004661" startTime="2019-01-22T19:27:53.0633642+05:30" endTime="2019-01-22T19:27:53.0653636+05:30" testType="13cdc9d9-ddb5-4fa4-a97d-d965ccfc6d4b" outcome="Passed" testListId="8c84fa94-04c1-424b-9868-57a2d4851a1d" relativeResultsDirectory="099b8f9b-4baf-4a3a-954d-cd38133b3d67">
      <Output>
        <DebugTrace>Launch Application 
LoginTOApplication 
Forward Mail 
LogoutFromApplication  
CloseApplication 
</DebugTrace>
      </Output>
    </UnitTestResult>
    <UnitTestResult executionId="d271e1c7-d306-4d7b-849e-13772eae798d" testId="fcf79dd0-a953-164a-d99b-9d643d71fe57" testName="Reply" computerName="WINNK185128-8AE" duration="00:00:00.0004584" startTime="2019-01-22T19:27:53.0663661+05:30" endTime="2019-01-22T19:27:53.0693764+05:30" testType="13cdc9d9-ddb5-4fa4-a97d-d965ccfc6d4b" outcome="Passed" testListId="8c84fa94-04c1-424b-9868-57a2d4851a1d" relativeResultsDirectory="d271e1c7-d306-4d7b-849e-13772eae798d">
      <Output>
        <DebugTrace>Launch Application 
LoginTOApplication 
Reply Mail 
LogoutFromApplication  
CloseApplication 
</DebugTrace>
      </Output>
    </UnitTestResult>
  </Results>
</TestRun>